#
# There is insufficient memory for the Java Runtime Environment to continue.
# Native memory allocation (malloc) failed to allocate 32744 bytes for ChunkPool::allocate
# Possible reasons:
#   The system is out of physical RAM or swap space
#   The process is running with CompressedOops enabled, and the Java Heap may be blocking the growth of the native heap
# Possible solutions:
#   Reduce memory load on the system
#   Increase physical memory or swap space
#   Check if swap backing store is full
#   Decrease Java heap size (-Xmx/-Xms)
#   Decrease number of Java threads
#   Decrease Java thread stack sizes (-Xss)
#   Set larger code cache with -XX:ReservedCodeCacheSize=
#   JVM is running with Unscaled Compressed Oops mode in which the Java heap is
#     placed in the first 4GB address space. The Java Heap base address is the
#     maximum limit for the native heap growth. Please use -XX:HeapBaseMinAddress
#     to set the Java Heap base and to place the Java Heap above 4GB virtual address.
# This output file may be truncated or incomplete.
#
#  Out of Memory Error (./open/src/hotspot/share/memory/arena.cpp:79), pid=16944, tid=12420
#
# JRE version: Java(TM) SE Runtime Environment (15.0+36) (build 15+36-1562)
# Java VM: Java HotSpot(TM) 64-Bit Server VM (15+36-1562, mixed mode, sharing, tiered, compressed oops, g1 gc, windows-amd64)
# No core dump will be written. Minidumps are not enabled by default on client versions of Windows
#

---------------  S U M M A R Y ------------

Command Line: -agentlib:jdwp=transport=dt_socket,address=127.0.0.1:13529,suspend=y,server=n -ea -Didea.test.cyclic.buffer.size=1048576 -javaagent:C:\Users\h1596\AppData\Local\JetBrains\IntelliJIdea2021.3\captureAgent\debugger-agent.jar -Dfile.encoding=UTF-8 com.intellij.rt.junit.JUnitStarter -ideVersion5 -junit5 com.example.demo.repository.DiscussionRepositoryTest,save

Host: Intel(R) Core(TM) i5-8265U CPU @ 1.60GHz, 8 cores, 7G,  Windows 10 , 64 bit Build 19041 (10.0.19041.1503)
Time: Mon Feb 28 19:15:29 2022 中国标准时间 elapsed time: 7.954317 seconds (0d 0h 0m 7s)

---------------  T H R E A D  ---------------

Current thread (0x0000024c673a9ca0):  JavaThread "C2 CompilerThread2" daemon [_thread_in_native, id=12420, stack(0x00000060a2800000,0x00000060a2900000)]


Current CompileTask:
C2:   7954 5548   !   4       org.springframework.core.annotation.AnnotationsScanner::processMethodHierarchy (276 bytes)

Stack: [0x00000060a2800000,0x00000060a2900000]
Native frames: (J=compiled Java code, j=interpreted, Vv=VM code, C=native code)
V  [jvm.dll+0x629eaa]
V  [jvm.dll+0x780379]
V  [jvm.dll+0x781ad3]
V  [jvm.dll+0x782133]
V  [jvm.dll+0x2159d5]
V  [jvm.dll+0x97cdf]
V  [jvm.dll+0x9802c]
V  [jvm.dll+0x5ba486]
V  [jvm.dll+0x5bb3ea]
V  [jvm.dll+0x5b99be]
V  [jvm.dll+0x1e9c68]
V  [jvm.dll+0x1e903e]
V  [jvm.dll+0x177f17]
V  [jvm.dll+0x1f88f5]
V  [jvm.dll+0x1f699c]
V  [jvm.dll+0x74384d]
V  [jvm.dll+0x73c64a]
V  [jvm.dll+0x628d16]
C  [ucrtbase.dll+0x21bb2]
C  [KERNEL32.DLL+0x17034]
C  [ntdll.dll+0x52651]


---------------  P R O C E S S  ---------------

Threads class SMR info:
_java_thread_list=0x0000024c6c6c11e0, length=19, elements={
0x0000024c477a8090, 0x0000024c66226bc0, 0x0000024c662272b0, 0x0000024c66ab6760,
0x0000024c66ab8c40, 0x0000024c66ab9210, 0x0000024c66ac1100, 0x0000024c66249fc0,
0x0000024c6624a4d0, 0x0000024c66bc52c0, 0x0000024c66c8e650, 0x0000024c66cc9500,
0x0000024c66d87500, 0x0000024c66cf42d0, 0x0000024c673246a0, 0x0000024c673a9ca0,
0x0000024c67e963e0, 0x0000024c67e97bf0, 0x0000024c67e980c0
}

Java Threads: ( => current thread )
  0x0000024c477a8090 JavaThread "main" [_thread_in_Java, id=7656, stack(0x00000060a1200000,0x00000060a1300000)]
  0x0000024c66226bc0 JavaThread "Reference Handler" daemon [_thread_blocked, id=25572, stack(0x00000060a1900000,0x00000060a1a00000)]
  0x0000024c662272b0 JavaThread "Finalizer" daemon [_thread_blocked, id=10904, stack(0x00000060a1a00000,0x00000060a1b00000)]
  0x0000024c66ab6760 JavaThread "Signal Dispatcher" daemon [_thread_blocked, id=8748, stack(0x00000060a1b00000,0x00000060a1c00000)]
  0x0000024c66ab8c40 JavaThread "Attach Listener" daemon [_thread_blocked, id=20416, stack(0x00000060a1c00000,0x00000060a1d00000)]
  0x0000024c66ab9210 JavaThread "Service Thread" daemon [_thread_blocked, id=13860, stack(0x00000060a1d00000,0x00000060a1e00000)]
  0x0000024c66ac1100 JavaThread "C2 CompilerThread0" daemon [_thread_in_native, id=16252, stack(0x00000060a1e00000,0x00000060a1f00000)]
  0x0000024c66249fc0 JavaThread "C1 CompilerThread0" daemon [_thread_blocked, id=18404, stack(0x00000060a1f00000,0x00000060a2000000)]
  0x0000024c6624a4d0 JavaThread "Sweeper thread" daemon [_thread_blocked, id=15296, stack(0x00000060a2000000,0x00000060a2100000)]
  0x0000024c66bc52c0 JavaThread "Common-Cleaner" daemon [_thread_blocked, id=15724, stack(0x00000060a2100000,0x00000060a2200000)]
  0x0000024c66c8e650 JavaThread "JDWP Transport Listener: dt_socket" daemon [_thread_blocked, id=13560, stack(0x00000060a2200000,0x00000060a2300000)]
  0x0000024c66cc9500 JavaThread "JDWP Event Helper Thread" daemon [_thread_blocked, id=22044, stack(0x00000060a2300000,0x00000060a2400000)]
  0x0000024c66d87500 JavaThread "JDWP Command Reader" daemon [_thread_in_native, id=12984, stack(0x00000060a2400000,0x00000060a2500000)]
  0x0000024c66cf42d0 JavaThread "Notification Thread" daemon [_thread_blocked, id=8416, stack(0x00000060a2500000,0x00000060a2600000)]
  0x0000024c673246a0 JavaThread "C2 CompilerThread1" daemon [_thread_in_native, id=16860, stack(0x00000060a2700000,0x00000060a2800000)]
=>0x0000024c673a9ca0 JavaThread "C2 CompilerThread2" daemon [_thread_in_native, id=12420, stack(0x00000060a2800000,0x00000060a2900000)]
  0x0000024c67e963e0 JavaThread "mysql-cj-abandoned-connection-cleanup" daemon [_thread_blocked, id=27036, stack(0x00000060a2d00000,0x00000060a2e00000)]
  0x0000024c67e97bf0 JavaThread "HikariPool-1 housekeeper" daemon [_thread_blocked, id=3064, stack(0x00000060a2f00000,0x00000060a3000000)]
  0x0000024c67e980c0 JavaThread "HikariPool-1 connection adder" daemon [_thread_blocked, id=26220, stack(0x00000060a3000000,0x00000060a3100000)]

Other Threads:
  0x0000024c66225430 VMThread "VM Thread" [stack: 0x00000060a1800000,0x00000060a1900000] [id=3280]
  0x0000024c66d88c00 WatcherThread [stack: 0x00000060a2600000,0x00000060a2700000] [id=2848]
  0x0000024c477e2790 GCTaskThread "GC Thread#0" [stack: 0x00000060a1300000,0x00000060a1400000] [id=25772]
  0x0000024c66ebb710 GCTaskThread "GC Thread#1" [stack: 0x00000060a2900000,0x00000060a2a00000] [id=10696]
  0x0000024c66eb9a60 GCTaskThread "GC Thread#2" [stack: 0x00000060a2a00000,0x00000060a2b00000] [id=10664]
  0x0000024c66eb8410 GCTaskThread "GC Thread#3" [stack: 0x00000060a2b00000,0x00000060a2c00000] [id=19580]
  0x0000024c477f4440 ConcurrentGCThread "G1 Main Marker" [stack: 0x00000060a1400000,0x00000060a1500000] [id=21304]
  0x0000024c477f4fd0 ConcurrentGCThread "G1 Conc#0" [stack: 0x00000060a1500000,0x00000060a1600000] [id=4656]
  0x0000024c66eb8740 ConcurrentGCThread "G1 Conc#1" [stack: 0x00000060a2c00000,0x00000060a2d00000] [id=20772]
  0x0000024c4786d570 ConcurrentGCThread "G1 Refine#0" [stack: 0x00000060a1600000,0x00000060a1700000] [id=21960]
  0x0000024c4786dd10 ConcurrentGCThread "G1 Young RemSet Sampling" [stack: 0x00000060a1700000,0x00000060a1800000] [id=23972]

Threads with active compile tasks:
C2 CompilerThread0     7974 5098       4       org.springframework.core.annotation.TypeMappedAnnotations::get (52 bytes)
C2 CompilerThread1     7974 5445       4       org.springframework.core.annotation.TypeMappedAnnotations::get (8 bytes)
C2 CompilerThread2     7974 5548   !   4       org.springframework.core.annotation.AnnotationsScanner::processMethodHierarchy (276 bytes)

VM state: not at safepoint (normal execution)

VM Mutex/Monitor currently owned by a thread: None

Heap address: 0x0000000082600000, size: 2010 MB, Compressed Oops mode: 32-bit
CDS archive(s) mapped at: [0x0000000800000000-0x0000000800b50000-0x0000000800b50000), size 11862016, SharedBaseAddress: 0x0000000800000000, ArchiveRelocationMode: 0.
Compressed class space mapped at: 0x0000000800b50000-0x0000000840b50000, size: 1073741824
Narrow klass base: 0x0000000800000000, Narrow klass shift: 3, Narrow klass range: 0x100000000

GC Precious Log:
 CPUs: 8 total, 8 available
 Memory: 8037M
 Large Page Support: Disabled
 NUMA Support: Disabled
 Compressed Oops: Enabled (32-bit)
 Heap Region Size: 1M
 Heap Min Capacity: 8M
 Heap Initial Capacity: 126M
 Heap Max Capacity: 2010M
 Pre-touch: Disabled
 Parallel Workers: 8
 Concurrent Workers: 2
 Concurrent Refinement Workers: 8
 Periodic GC: Disabled

Heap:
 garbage-first heap   total 70656K, used 50260K [0x0000000082600000, 0x0000000100000000)
  region size 1024K, 26 young (26624K), 4 survivors (4096K)
 Metaspace       used 57617K, capacity 58080K, committed 58364K, reserved 1099776K
  class space    used 7457K, capacity 7637K, committed 7756K, reserved 1048576K

Heap Regions: E=young(eden), S=young(survivor), O=old, HS=humongous(starts), HC=humongous(continues), CS=collection set, F=free, OA=open archive, CA=closed archive, TAMS=top-at-mark-start (previous, next)
|   0|0x0000000082600000, 0x0000000082700000, 0x0000000082700000|100%|HS|  |TAMS 0x0000000082700000, 0x0000000082600000| Complete 
|   1|0x0000000082700000, 0x0000000082800000, 0x0000000082800000|100%| O|  |TAMS 0x0000000082800000, 0x0000000082700000| Untracked 
|   2|0x0000000082800000, 0x0000000082900000, 0x0000000082900000|100%| O|  |TAMS 0x0000000082900000, 0x0000000082800000| Untracked 
|   3|0x0000000082900000, 0x0000000082a00000, 0x0000000082a00000|100%| O|  |TAMS 0x0000000082a00000, 0x0000000082900000| Untracked 
|   4|0x0000000082a00000, 0x0000000082b00000, 0x0000000082b00000|100%| O|  |TAMS 0x0000000082b00000, 0x0000000082a00000| Untracked 
|   5|0x0000000082b00000, 0x0000000082c00000, 0x0000000082c00000|100%| O|  |TAMS 0x0000000082c00000, 0x0000000082b00000| Untracked 
|   6|0x0000000082c00000, 0x0000000082ce5400, 0x0000000082d00000| 89%| O|  |TAMS 0x0000000082ce5400, 0x0000000082c00000| Untracked 
|   7|0x0000000082d00000, 0x0000000082e00000, 0x0000000082e00000|100%| O|  |TAMS 0x0000000082e00000, 0x0000000082d00000| Untracked 
|   8|0x0000000082e00000, 0x0000000082f00000, 0x0000000082f00000|100%| O|  |TAMS 0x0000000082f00000, 0x0000000082e00000| Untracked 
|   9|0x0000000082f00000, 0x0000000083000000, 0x0000000083000000|100%| O|  |TAMS 0x0000000083000000, 0x0000000082f00000| Untracked 
|  10|0x0000000083000000, 0x0000000083100000, 0x0000000083100000|100%| O|  |TAMS 0x0000000083100000, 0x0000000083000000| Untracked 
|  11|0x0000000083100000, 0x0000000083200000, 0x0000000083200000|100%| O|  |TAMS 0x0000000083200000, 0x0000000083100000| Untracked 
|  12|0x0000000083200000, 0x0000000083300000, 0x0000000083300000|100%| O|  |TAMS 0x0000000083300000, 0x0000000083200000| Untracked 
|  13|0x0000000083300000, 0x0000000083400000, 0x0000000083400000|100%| O|  |TAMS 0x0000000083400000, 0x0000000083300000| Untracked 
|  14|0x0000000083400000, 0x0000000083500000, 0x0000000083500000|100%| O|  |TAMS 0x00000000834c1c00, 0x0000000083400000| Untracked 
|  15|0x0000000083500000, 0x0000000083600000, 0x0000000083600000|100%| O|  |TAMS 0x0000000083500000, 0x0000000083500000| Untracked 
|  16|0x0000000083600000, 0x0000000083700000, 0x0000000083700000|100%| O|  |TAMS 0x0000000083600000, 0x0000000083600000| Untracked 
|  17|0x0000000083700000, 0x0000000083800000, 0x0000000083800000|100%| O|  |TAMS 0x0000000083700000, 0x0000000083700000| Untracked 
|  18|0x0000000083800000, 0x0000000083900000, 0x0000000083900000|100%| O|  |TAMS 0x0000000083800000, 0x0000000083800000| Untracked 
|  19|0x0000000083900000, 0x0000000083a00000, 0x0000000083a00000|100%| O|  |TAMS 0x0000000083900000, 0x0000000083900000| Untracked 
|  20|0x0000000083a00000, 0x0000000083b00000, 0x0000000083b00000|100%| O|  |TAMS 0x0000000083a00000, 0x0000000083a00000| Untracked 
|  21|0x0000000083b00000, 0x0000000083c00000, 0x0000000083c00000|100%| O|  |TAMS 0x0000000083b00000, 0x0000000083b00000| Untracked 
|  22|0x0000000083c00000, 0x0000000083d00000, 0x0000000083d00000|100%| O|  |TAMS 0x0000000083c00000, 0x0000000083c00000| Untracked 
|  23|0x0000000083d00000, 0x0000000083e00000, 0x0000000083e00000|100%| O|  |TAMS 0x0000000083d00000, 0x0000000083d00000| Untracked 
|  24|0x0000000083e00000, 0x0000000083ee9400, 0x0000000083f00000| 91%| O|  |TAMS 0x0000000083e00000, 0x0000000083e00000| Untracked 
|  25|0x0000000083f00000, 0x0000000083f00000, 0x0000000084000000|  0%| F|  |TAMS 0x0000000083f00000, 0x0000000083f00000| Untracked 
|  26|0x0000000084000000, 0x0000000084000000, 0x0000000084100000|  0%| F|  |TAMS 0x0000000084000000, 0x0000000084000000| Untracked 
|  27|0x0000000084100000, 0x0000000084100000, 0x0000000084200000|  0%| F|  |TAMS 0x0000000084100000, 0x0000000084100000| Untracked 
|  28|0x0000000084200000, 0x0000000084200000, 0x0000000084300000|  0%| F|  |TAMS 0x0000000084200000, 0x0000000084200000| Untracked 
|  29|0x0000000084300000, 0x0000000084300000, 0x0000000084400000|  0%| F|  |TAMS 0x0000000084300000, 0x0000000084300000| Untracked 
|  30|0x0000000084400000, 0x0000000084400000, 0x0000000084500000|  0%| F|  |TAMS 0x0000000084400000, 0x0000000084400000| Untracked 
|  31|0x0000000084500000, 0x0000000084500000, 0x0000000084600000|  0%| F|  |TAMS 0x0000000084500000, 0x0000000084500000| Untracked 
|  32|0x0000000084600000, 0x0000000084600000, 0x0000000084700000|  0%| F|  |TAMS 0x0000000084600000, 0x0000000084600000| Untracked 
|  33|0x0000000084700000, 0x0000000084746910, 0x0000000084800000| 27%| S|CS|TAMS 0x0000000084700000, 0x0000000084700000| Complete 
|  34|0x0000000084800000, 0x0000000084900000, 0x0000000084900000|100%| S|CS|TAMS 0x0000000084800000, 0x0000000084800000| Complete 
|  35|0x0000000084900000, 0x0000000084a00000, 0x0000000084a00000|100%| S|CS|TAMS 0x0000000084900000, 0x0000000084900000| Complete 
|  36|0x0000000084a00000, 0x0000000084b00000, 0x0000000084b00000|100%| S|CS|TAMS 0x0000000084a00000, 0x0000000084a00000| Complete 
|  37|0x0000000084b00000, 0x0000000084b00000, 0x0000000084c00000|  0%| F|  |TAMS 0x0000000084b00000, 0x0000000084b00000| Untracked 
|  38|0x0000000084c00000, 0x0000000084c00000, 0x0000000084d00000|  0%| F|  |TAMS 0x0000000084c00000, 0x0000000084c00000| Untracked 
|  39|0x0000000084d00000, 0x0000000084d00000, 0x0000000084e00000|  0%| F|  |TAMS 0x0000000084d00000, 0x0000000084d00000| Untracked 
|  40|0x0000000084e00000, 0x0000000084e00000, 0x0000000084f00000|  0%| F|  |TAMS 0x0000000084e00000, 0x0000000084e00000| Untracked 
|  41|0x0000000084f00000, 0x0000000084f00000, 0x0000000085000000|  0%| F|  |TAMS 0x0000000084f00000, 0x0000000084f00000| Untracked 
|  42|0x0000000085000000, 0x0000000085000000, 0x0000000085100000|  0%| F|  |TAMS 0x0000000085000000, 0x0000000085000000| Untracked 
|  43|0x0000000085100000, 0x0000000085100000, 0x0000000085200000|  0%| F|  |TAMS 0x0000000085100000, 0x0000000085100000| Untracked 
|  44|0x0000000085200000, 0x0000000085200000, 0x0000000085300000|  0%| F|  |TAMS 0x0000000085200000, 0x0000000085200000| Untracked 
|  45|0x0000000085300000, 0x0000000085300000, 0x0000000085400000|  0%| F|  |TAMS 0x0000000085300000, 0x0000000085300000| Untracked 
|  46|0x0000000085400000, 0x000000008547ec90, 0x0000000085500000| 49%| E|  |TAMS 0x0000000085400000, 0x0000000085400000| Complete 
|  47|0x0000000085500000, 0x0000000085600000, 0x0000000085600000|100%| E|CS|TAMS 0x0000000085500000, 0x0000000085500000| Complete 
|  48|0x0000000085600000, 0x0000000085700000, 0x0000000085700000|100%| E|CS|TAMS 0x0000000085600000, 0x0000000085600000| Complete 
|  49|0x0000000085700000, 0x0000000085800000, 0x0000000085800000|100%| E|CS|TAMS 0x0000000085700000, 0x0000000085700000| Complete 
|  50|0x0000000085800000, 0x0000000085900000, 0x0000000085900000|100%| E|CS|TAMS 0x0000000085800000, 0x0000000085800000| Complete 
|  51|0x0000000085900000, 0x0000000085a00000, 0x0000000085a00000|100%| E|CS|TAMS 0x0000000085900000, 0x0000000085900000| Complete 
|  52|0x0000000085a00000, 0x0000000085b00000, 0x0000000085b00000|100%| E|CS|TAMS 0x0000000085a00000, 0x0000000085a00000| Complete 
|  53|0x0000000085b00000, 0x0000000085c00000, 0x0000000085c00000|100%| E|CS|TAMS 0x0000000085b00000, 0x0000000085b00000| Complete 
|  54|0x0000000085c00000, 0x0000000085d00000, 0x0000000085d00000|100%| E|CS|TAMS 0x0000000085c00000, 0x0000000085c00000| Complete 
|  55|0x0000000085d00000, 0x0000000085e00000, 0x0000000085e00000|100%| E|CS|TAMS 0x0000000085d00000, 0x0000000085d00000| Complete 
|  56|0x0000000085e00000, 0x0000000085f00000, 0x0000000085f00000|100%| E|CS|TAMS 0x0000000085e00000, 0x0000000085e00000| Complete 
|  57|0x0000000085f00000, 0x0000000086000000, 0x0000000086000000|100%| E|CS|TAMS 0x0000000085f00000, 0x0000000085f00000| Complete 
|  58|0x0000000086000000, 0x0000000086100000, 0x0000000086100000|100%| E|CS|TAMS 0x0000000086000000, 0x0000000086000000| Complete 
|  59|0x0000000086100000, 0x0000000086200000, 0x0000000086200000|100%| E|CS|TAMS 0x0000000086100000, 0x0000000086100000| Complete 
|  60|0x0000000086200000, 0x0000000086300000, 0x0000000086300000|100%| E|CS|TAMS 0x0000000086200000, 0x0000000086200000| Complete 
|  61|0x0000000086300000, 0x0000000086400000, 0x0000000086400000|100%| E|CS|TAMS 0x0000000086300000, 0x0000000086300000| Complete 
|  97|0x0000000088700000, 0x0000000088800000, 0x0000000088800000|100%| E|CS|TAMS 0x0000000088700000, 0x0000000088700000| Complete 
|  98|0x0000000088800000, 0x0000000088900000, 0x0000000088900000|100%| E|CS|TAMS 0x0000000088800000, 0x0000000088800000| Complete 
|  99|0x0000000088900000, 0x0000000088a00000, 0x0000000088a00000|100%| E|CS|TAMS 0x0000000088900000, 0x0000000088900000| Complete 
| 100|0x0000000088a00000, 0x0000000088b00000, 0x0000000088b00000|100%| E|CS|TAMS 0x0000000088a00000, 0x0000000088a00000| Complete 
| 101|0x0000000088b00000, 0x0000000088c00000, 0x0000000088c00000|100%| E|CS|TAMS 0x0000000088b00000, 0x0000000088b00000| Complete 
| 102|0x0000000088c00000, 0x0000000088d00000, 0x0000000088d00000|100%| E|CS|TAMS 0x0000000088c00000, 0x0000000088c00000| Complete 
| 125|0x000000008a300000, 0x000000008a400000, 0x000000008a400000|100%| E|CS|TAMS 0x000000008a300000, 0x000000008a300000| Complete 

Card table byte_map: [0x0000024c5f100000,0x0000024c5f4f0000] _byte_map_base: 0x0000024c5eced000

Marking Bits (Prev, Next): (CMBitMap*) 0x0000024c477e3ea0, (CMBitMap*) 0x0000024c477e3ee0
 Prev Bits: [0x0000024c5f8e0000, 0x0000024c61848000)
 Next Bits: [0x0000024c61850000, 0x0000024c637b8000)

Polling page: 0x0000024c45690000

Metaspace:

Usage:
  Non-class:     49.26 MB capacity,    48.99 MB (>99%) used,   203.49 KB ( <1%) free+waste,    74.12 KB ( <1%) overhead. 
      Class:      7.46 MB capacity,     7.28 MB ( 98%) used,   151.22 KB (  2%) free+waste,    28.19 KB ( <1%) overhead. 
       Both:     56.72 MB capacity,    56.27 MB (>99%) used,   354.71 KB ( <1%) free+waste,   102.31 KB ( <1%) overhead. 

Virtual space:
  Non-class space:       50.00 MB reserved,      49.42 MB ( 99%) committed 
      Class space:        1.00 GB reserved,       7.57 MB ( <1%) committed 
             Both:        1.05 GB reserved,      57.00 MB (  5%) committed 

Chunk freelists:
   Non-Class:  37.00 KB
       Class:  11.00 KB
        Both:  48.00 KB

MaxMetaspaceSize: 17179869184.00 GB
CompressedClassSpaceSize: 1.00 GB

CodeHeap 'non-profiled nmethods': size=120000Kb used=3345Kb max_used=3345Kb free=116654Kb
 bounds [0x0000024c574a0000, 0x0000024c57810000, 0x0000024c5e9d0000]
CodeHeap 'profiled nmethods': size=120000Kb used=9788Kb max_used=9904Kb free=110211Kb
 bounds [0x0000024c4ff70000, 0x0000024c50920000, 0x0000024c574a0000]
CodeHeap 'non-nmethods': size=5760Kb used=1403Kb max_used=1606Kb free=4356Kb
 bounds [0x0000024c4f9d0000, 0x0000024c4fc40000, 0x0000024c4ff70000]
 total_blobs=5492 nmethods=4885 adapters=519
 compilation: enabled
              stopped_count=0, restarted_count=0
 full_count=0

Compilation events (20 events):
Event: 7.921 Thread 0x0000024c66249fc0 5641       1       org.springframework.core.MethodParameter::getAnnotatedElement (5 bytes)
Event: 7.921 Thread 0x0000024c66249fc0 nmethod 5641 0x0000024c5760b210 code [0x0000024c5760b3a0, 0x0000024c5760b458]
Event: 7.923 Thread 0x0000024c66249fc0 5643       1       org.springframework.beans.factory.annotation.InitDestroyAnnotationBeanPostProcessor$1::hasDestroyMethods (2 bytes)
Event: 7.924 Thread 0x0000024c66249fc0 nmethod 5643 0x0000024c5760af10 code [0x0000024c5760b0a0, 0x0000024c5760b158]
Event: 7.924 Thread 0x0000024c66249fc0 5644       1       org.springframework.context.annotation.CommonAnnotationBeanPostProcessor::postProcessAfterInstantiation (2 bytes)
Event: 7.924 Thread 0x0000024c66249fc0 nmethod 5644 0x0000024c57522a10 code [0x0000024c57522ba0, 0x0000024c57522c58]
Event: 7.931 Thread 0x0000024c66249fc0 5645       2       org.springframework.core.annotation.AnnotationsProcessor::finish (2 bytes)
Event: 7.931 Thread 0x0000024c66249fc0 nmethod 5645 0x0000024c50611790 code [0x0000024c50611920, 0x0000024c50611a18]
Event: 7.934 Thread 0x0000024c66249fc0 5646       2       com.sun.beans.introspect.ClassInfo::<init> (21 bytes)
Event: 7.934 Thread 0x0000024c66249fc0 nmethod 5646 0x0000024c504e4b90 code [0x0000024c504e4d20, 0x0000024c504e4f38]
Event: 7.936 Thread 0x0000024c66249fc0 5647       2       com.sun.beans.introspect.ClassInfo$1::create (9 bytes)
Event: 7.936 Thread 0x0000024c66249fc0 nmethod 5647 0x0000024c504e4610 code [0x0000024c504e47c0, 0x0000024c504e4a78]
Event: 7.936 Thread 0x0000024c66249fc0 5648       2       com.sun.beans.introspect.ClassInfo$1::create (9 bytes)
Event: 7.937 Thread 0x0000024c66249fc0 nmethod 5648 0x0000024c504e4110 code [0x0000024c504e42c0, 0x0000024c504e4538]
Event: 7.937 Thread 0x0000024c66249fc0 5649       2       java.beans.Introspector::getTargetEventInfo (529 bytes)
Event: 7.940 Thread 0x0000024c66249fc0 nmethod 5649 0x0000024c504e1290 code [0x0000024c504e17a0, 0x0000024c504e30e8]
Event: 7.940 Thread 0x0000024c66249fc0 5650       2       java.beans.Introspector::getTargetPropertyInfo (293 bytes)
Event: 7.941 Thread 0x0000024c66249fc0 nmethod 5650 0x0000024c504dfb90 code [0x0000024c504dfee0, 0x0000024c504e0b38]
Event: 7.941 Thread 0x0000024c66249fc0 5651       2       java.beans.GenericBeanInfo::<init> (60 bytes)
Event: 7.942 Thread 0x0000024c66249fc0 nmethod 5651 0x0000024c504df410 code [0x0000024c504df5c0, 0x0000024c504dfa38]

GC Heap History (20 events):
Event: 3.291 GC heap before
{Heap before GC invocations=5 (full 0):
 garbage-first heap   total 48128K, used 34948K [0x0000000082600000, 0x0000000100000000)
  region size 1024K, 28 young (28672K), 6 survivors (6144K)
 Metaspace       used 22926K, capacity 23206K, committed 23344K, reserved 1069056K
  class space    used 2842K, capacity 2939K, committed 2944K, reserved 1048576K
}
Event: 3.302 GC heap after
{Heap after GC invocations=6 (full 0):
 garbage-first heap   total 58368K, used 12973K [0x0000000082600000, 0x0000000100000000)
  region size 1024K, 2 young (2048K), 2 survivors (2048K)
 Metaspace       used 22926K, capacity 23206K, committed 23344K, reserved 1069056K
  class space    used 2842K, capacity 2939K, committed 2944K, reserved 1048576K
}
Event: 3.946 GC heap before
{Heap before GC invocations=6 (full 0):
 garbage-first heap   total 58368K, used 43693K [0x0000000082600000, 0x0000000100000000)
  region size 1024K, 32 young (32768K), 2 survivors (2048K)
 Metaspace       used 27136K, capacity 27535K, committed 27824K, reserved 1073152K
  class space    used 3402K, capacity 3540K, committed 3584K, reserved 1048576K
}
Event: 3.959 GC heap after
{Heap after GC invocations=7 (full 0):
 garbage-first heap   total 58368K, used 15089K [0x0000000082600000, 0x0000000100000000)
  region size 1024K, 4 young (4096K), 4 survivors (4096K)
 Metaspace       used 27136K, capacity 27535K, committed 27824K, reserved 1073152K
  class space    used 3402K, capacity 3540K, committed 3584K, reserved 1048576K
}
Event: 4.731 GC heap before
{Heap before GC invocations=7 (full 0):
 garbage-first heap   total 58368K, used 43761K [0x0000000082600000, 0x0000000100000000)
  region size 1024K, 32 young (32768K), 4 survivors (4096K)
 Metaspace       used 35226K, capacity 35612K, committed 35708K, reserved 1081344K
  class space    used 4329K, capacity 4482K, committed 4556K, reserved 1048576K
}
Event: 4.741 GC heap after
{Heap after GC invocations=8 (full 0):
 garbage-first heap   total 58368K, used 18434K [0x0000000082600000, 0x0000000100000000)
  region size 1024K, 4 young (4096K), 4 survivors (4096K)
 Metaspace       used 35226K, capacity 35612K, committed 35708K, reserved 1081344K
  class space    used 4329K, capacity 4482K, committed 4556K, reserved 1048576K
}
Event: 4.744 GC heap before
{Heap before GC invocations=8 (full 0):
 garbage-first heap   total 58368K, used 18434K [0x0000000082600000, 0x0000000100000000)
  region size 1024K, 5 young (5120K), 4 survivors (4096K)
 Metaspace       used 35267K, capacity 35612K, committed 35708K, reserved 1081344K
  class space    used 4334K, capacity 4482K, committed 4556K, reserved 1048576K
}
Event: 4.750 GC heap after
{Heap after GC invocations=9 (full 0):
 garbage-first heap   total 58368K, used 18943K [0x0000000082600000, 0x0000000100000000)
  region size 1024K, 1 young (1024K), 1 survivors (1024K)
 Metaspace       used 35267K, capacity 35612K, committed 35708K, reserved 1081344K
  class space    used 4334K, capacity 4482K, committed 4556K, reserved 1048576K
}
Event: 5.050 GC heap before
{Heap before GC invocations=10 (full 0):
 garbage-first heap   total 58368K, used 43519K [0x0000000082600000, 0x0000000100000000)
  region size 1024K, 26 young (26624K), 1 survivors (1024K)
 Metaspace       used 37683K, capacity 38121K, committed 38268K, reserved 1083392K
  class space    used 4605K, capacity 4778K, committed 4812K, reserved 1048576K
}
Event: 5.055 GC heap after
{Heap after GC invocations=11 (full 0):
 garbage-first heap   total 58368K, used 20373K [0x0000000082600000, 0x0000000100000000)
  region size 1024K, 2 young (2048K), 2 survivors (2048K)
 Metaspace       used 37683K, capacity 38121K, committed 38268K, reserved 1083392K
  class space    used 4605K, capacity 4778K, committed 4812K, reserved 1048576K
}
Event: 5.233 GC heap before
{Heap before GC invocations=11 (full 0):
 garbage-first heap   total 58368K, used 44949K [0x0000000082600000, 0x0000000100000000)
  region size 1024K, 26 young (26624K), 2 survivors (2048K)
 Metaspace       used 39019K, capacity 39419K, committed 39548K, reserved 1083392K
  class space    used 4811K, capacity 4974K, committed 5068K, reserved 1048576K
}
Event: 5.238 GC heap after
{Heap after GC invocations=12 (full 0):
 garbage-first heap   total 70656K, used 22360K [0x0000000082600000, 0x0000000100000000)
  region size 1024K, 4 young (4096K), 4 survivors (4096K)
 Metaspace       used 39019K, capacity 39419K, committed 39548K, reserved 1083392K
  class space    used 4811K, capacity 4974K, committed 5068K, reserved 1048576K
}
Event: 5.895 GC heap before
{Heap before GC invocations=12 (full 0):
 garbage-first heap   total 70656K, used 54104K [0x0000000082600000, 0x0000000100000000)
  region size 1024K, 35 young (35840K), 4 survivors (4096K)
 Metaspace       used 45262K, capacity 45671K, committed 45948K, reserved 1089536K
  class space    used 5802K, capacity 5969K, committed 6092K, reserved 1048576K
}
Event: 5.903 GC heap after
{Heap after GC invocations=13 (full 0):
 garbage-first heap   total 70656K, used 23585K [0x0000000082600000, 0x0000000100000000)
  region size 1024K, 4 young (4096K), 4 survivors (4096K)
 Metaspace       used 45262K, capacity 45671K, committed 45948K, reserved 1089536K
  class space    used 5802K, capacity 5969K, committed 6092K, reserved 1048576K
}
Event: 6.589 GC heap before
{Heap before GC invocations=13 (full 0):
 garbage-first heap   total 70656K, used 55329K [0x0000000082600000, 0x0000000100000000)
  region size 1024K, 35 young (35840K), 4 survivors (4096K)
 Metaspace       used 50407K, capacity 50921K, committed 51068K, reserved 1093632K
  class space    used 6553K, capacity 6752K, committed 6860K, reserved 1048576K
}
Event: 6.597 GC heap after
{Heap after GC invocations=14 (full 0):
 garbage-first heap   total 70656K, used 25358K [0x0000000082600000, 0x0000000100000000)
  region size 1024K, 4 young (4096K), 4 survivors (4096K)
 Metaspace       used 50407K, capacity 50921K, committed 51068K, reserved 1093632K
  class space    used 6553K, capacity 6752K, committed 6860K, reserved 1048576K
}
Event: 7.063 GC heap before
{Heap before GC invocations=14 (full 0):
 garbage-first heap   total 70656K, used 55054K [0x0000000082600000, 0x0000000100000000)
  region size 1024K, 33 young (33792K), 4 survivors (4096K)
 Metaspace       used 53564K, capacity 54014K, committed 54268K, reserved 1095680K
  class space    used 6955K, capacity 7141K, committed 7244K, reserved 1048576K
}
Event: 7.075 GC heap after
{Heap after GC invocations=15 (full 0):
 garbage-first heap   total 70656K, used 26782K [0x0000000082600000, 0x0000000100000000)
  region size 1024K, 3 young (3072K), 3 survivors (3072K)
 Metaspace       used 53564K, capacity 54014K, committed 54268K, reserved 1095680K
  class space    used 6955K, capacity 7141K, committed 7244K, reserved 1048576K
}
Event: 7.554 GC heap before
{Heap before GC invocations=15 (full 0):
 garbage-first heap   total 70656K, used 56478K [0x0000000082600000, 0x0000000100000000)
  region size 1024K, 32 young (32768K), 3 survivors (3072K)
 Metaspace       used 56211K, capacity 56690K, committed 56828K, reserved 1099776K
  class space    used 7274K, capacity 7474K, committed 7500K, reserved 1048576K
}
Event: 7.565 GC heap after
{Heap after GC invocations=16 (full 0):
 garbage-first heap   total 70656K, used 28756K [0x0000000082600000, 0x0000000100000000)
  region size 1024K, 4 young (4096K), 4 survivors (4096K)
 Metaspace       used 56211K, capacity 56690K, committed 56828K, reserved 1099776K
  class space    used 7274K, capacity 7474K, committed 7500K, reserved 1048576K
}

Deoptimization events (20 events):
Event: 7.951 Thread 0x0000024c477a8090 DEOPT PACKING pc=0x0000024c503bd06c sp=0x00000060a12fa200
Event: 7.951 Thread 0x0000024c477a8090 DEOPT UNPACKING pc=0x0000024c4fa1e23f sp=0x00000060a12f96d0 mode 1
Event: 7.951 Thread 0x0000024c477a8090 DEOPT PACKING pc=0x0000024c57679658 sp=0x00000060a12fa140
Event: 7.951 Thread 0x0000024c477a8090 DEOPT UNPACKING pc=0x0000024c4fa1e23f sp=0x00000060a12f95b8 mode 1
Event: 7.951 Thread 0x0000024c477a8090 DEOPT PACKING pc=0x0000024c5025a3d4 sp=0x00000060a12fa180
Event: 7.951 Thread 0x0000024c477a8090 DEOPT UNPACKING pc=0x0000024c4fa1e23f sp=0x00000060a12f96d0 mode 1
Event: 7.951 Thread 0x0000024c477a8090 DEOPT PACKING pc=0x0000024c57679658 sp=0x00000060a12fa0d0
Event: 7.951 Thread 0x0000024c477a8090 DEOPT UNPACKING pc=0x0000024c4fa1e23f sp=0x00000060a12f9548 mode 1
Event: 7.951 Thread 0x0000024c477a8090 DEOPT PACKING pc=0x0000024c4ffca5bc sp=0x00000060a12fa110
Event: 7.951 Thread 0x0000024c477a8090 DEOPT UNPACKING pc=0x0000024c4fa1e23f sp=0x00000060a12f9660 mode 1
Event: 7.951 Thread 0x0000024c477a8090 DEOPT PACKING pc=0x0000024c503bd06c sp=0x00000060a12fa120
Event: 7.951 Thread 0x0000024c477a8090 DEOPT UNPACKING pc=0x0000024c4fa1e23f sp=0x00000060a12f95f0 mode 1
Event: 7.951 Thread 0x0000024c477a8090 DEOPT PACKING pc=0x0000024c57679658 sp=0x00000060a12f9f70
Event: 7.951 Thread 0x0000024c477a8090 DEOPT UNPACKING pc=0x0000024c4fa1e23f sp=0x00000060a12f93e8 mode 1
Event: 7.951 Thread 0x0000024c477a8090 DEOPT PACKING pc=0x0000024c4ffca5bc sp=0x00000060a12f9fb0
Event: 7.951 Thread 0x0000024c477a8090 DEOPT UNPACKING pc=0x0000024c4fa1e23f sp=0x00000060a12f94f8 mode 1
Event: 7.951 Thread 0x0000024c477a8090 DEOPT PACKING pc=0x0000024c503bd06c sp=0x00000060a12f9fb0
Event: 7.951 Thread 0x0000024c477a8090 DEOPT UNPACKING pc=0x0000024c4fa1e23f sp=0x00000060a12f9480 mode 1
Event: 7.951 Thread 0x0000024c477a8090 DEOPT PACKING pc=0x0000024c5025a424 sp=0x00000060a12fa0a0
Event: 7.951 Thread 0x0000024c477a8090 DEOPT UNPACKING pc=0x0000024c4fa1e23f sp=0x00000060a12f95f0 mode 1

Classes unloaded (0 events):
No events

Classes redefined (0 events):
No events

Internal exceptions (20 events):
Event: 7.933 Thread 0x0000024c477a8090 Exception <a 'java/lang/ClassNotFoundException'{0x000000008571b260}: org.springframework.boot.autoconfigure.data.web.SpringDataWebAutoConfiguration$$Lambda$1300/0x00000008012bf0c8Customizer> (0x000000008571b260) 
thrown [./open/src/hotspot/share/prims/jni.cpp, line 599]
Event: 7.933 Thread 0x0000024c477a8090 Exception <a 'java/lang/ClassNotFoundException'{0x000000008571c070}: org.springframework.boot.autoconfigure.data.web.SpringDataWebAutoConfiguration$$Lambda$1300/0x00000008012bf0c8Customizer> (0x000000008571c070) 
thrown [./open/src/hotspot/share/prims/jni.cpp, line 599]
Event: 7.933 Thread 0x0000024c477a8090 Exception <a 'java/lang/ClassNotFoundException'{0x000000008571ce80}: org.springframework.boot.autoconfigure.data.web.SpringDataWebAutoConfiguration$$Lambda$1300/0x00000008012bf0c8Customizer> (0x000000008571ce80) 
thrown [./open/src/hotspot/share/prims/jni.cpp, line 599]
Event: 7.934 Thread 0x0000024c477a8090 Exception <a 'java/lang/ClassNotFoundException'{0x0000000085725598}: org/springframework/data/web/config/PageableHandlerMethodArgumentResolverCustomizerCustomizer> (0x0000000085725598) 
thrown [./open/src/hotspot/share/classfile/systemDictionary.cpp, line 295]
Event: 7.936 Thread 0x0000024c477a8090 Exception <a 'java/lang/ClassNotFoundException'{0x000000008573a0a0}: java/lang/ObjectCustomizer> (0x000000008573a0a0) 
thrown [./open/src/hotspot/share/classfile/systemDictionary.cpp, line 295]
Event: 7.936 Thread 0x0000024c477a8090 Exception <a 'java/lang/ClassNotFoundException'{0x0000000085743460}: org/springframework/data/web/PageableHandlerMethodArgumentResolverSupportCustomizer> (0x0000000085743460) 
thrown [./open/src/hotspot/share/classfile/systemDictionary.cpp, line 295]
Event: 7.937 Thread 0x0000024c477a8090 Exception <a 'java/lang/ClassNotFoundException'{0x000000008574ffa0}: org/springframework/data/web/PageableHandlerMethodArgumentResolverCustomizer> (0x000000008574ffa0) 
thrown [./open/src/hotspot/share/classfile/systemDictionary.cpp, line 295]
Event: 7.937 Thread 0x0000024c477a8090 Exception <a 'java/lang/ClassNotFoundException'{0x000000008575f3d0}: org/springframework/data/web/PageableArgumentResolverCustomizer> (0x000000008575f3d0) 
thrown [./open/src/hotspot/share/classfile/systemDictionary.cpp, line 295]
Event: 7.938 Thread 0x0000024c477a8090 Exception <a 'java/lang/ClassNotFoundException'{0x0000000085767998}: org/springframework/web/method/support/HandlerMethodArgumentResolverCustomizer> (0x0000000085767998) 
thrown [./open/src/hotspot/share/classfile/systemDictionary.cpp, line 295]
Event: 7.943 Thread 0x0000024c477a8090 Exception <a 'java/lang/NoSuchMethodError'{0x00000000857a1940}: 'void java.lang.invoke.DirectMethodHandle$Holder.invokeVirtual(java.lang.Object, java.lang.Object, int)'> (0x00000000857a1940) 
thrown [./open/src/hotspot/share/interpreter/linkResolver.cpp, line 782]
Event: 7.945 Thread 0x0000024c477a8090 Exception <a 'java/lang/NoSuchMethodError'{0x00000000857be160}: 'void java.lang.invoke.DirectMethodHandle$Holder.invokeVirtual(java.lang.Object, java.lang.Object, long)'> (0x00000000857be160) 
thrown [./open/src/hotspot/share/interpreter/linkResolver.cpp, line 782]
Event: 7.947 Thread 0x0000024c477a8090 Exception <a 'java/lang/ClassNotFoundException'{0x00000000857ddce8}: java/lang/ObjectCustomizer> (0x00000000857ddce8) 
thrown [./open/src/hotspot/share/classfile/systemDictionary.cpp, line 295]
Event: 7.948 Thread 0x0000024c477a8090 Exception <a 'java/lang/ClassNotFoundException'{0x00000000857e6aa8}: org/springframework/util/CustomizableThreadCreatorCustomizer> (0x00000000857e6aa8) 
thrown [./open/src/hotspot/share/classfile/systemDictionary.cpp, line 295]
Event: 7.948 Thread 0x0000024c477a8090 Exception <a 'java/lang/ClassNotFoundException'{0x00000000857f3bc0}: org/springframework/scheduling/concurrent/CustomizableThreadFactoryCustomizer> (0x00000000857f3bc0) 
thrown [./open/src/hotspot/share/classfile/systemDictionary.cpp, line 295]
Event: 7.949 Thread 0x0000024c477a8090 Exception <a 'java/lang/ClassNotFoundException'{0x00000000857fb490}: org/springframework/scheduling/concurrent/ExecutorConfigurationSupportCustomizer> (0x00000000857fb490) 
thrown [./open/src/hotspot/share/classfile/systemDictionary.cpp, line 295]
Event: 7.949 Thread 0x0000024c477a8090 Exception <a 'java/lang/ClassNotFoundException'{0x000000008560aa80}: org/springframework/scheduling/concurrent/ThreadPoolTaskExecutorCustomizer> (0x000000008560aa80) 
thrown [./open/src/hotspot/share/classfile/systemDictionary.cpp, line 295]
Event: 7.950 Thread 0x0000024c477a8090 Exception <a 'java/lang/ClassNotFoundException'{0x000000008563a4a0}: org/springframework/core/task/AsyncListenableTaskExecutorCustomizer> (0x000000008563a4a0) 
thrown [./open/src/hotspot/share/classfile/systemDictionary.cpp, line 295]
Event: 7.951 Thread 0x0000024c477a8090 Exception <a 'java/lang/ClassNotFoundException'{0x00000000856429a8}: org/springframework/core/task/AsyncTaskExecutorCustomizer> (0x00000000856429a8) 
thrown [./open/src/hotspot/share/classfile/systemDictionary.cpp, line 295]
Event: 7.951 Thread 0x0000024c477a8090 Exception <a 'java/lang/ClassNotFoundException'{0x000000008564adc8}: org/springframework/core/task/TaskExecutorCustomizer> (0x000000008564adc8) 
thrown [./open/src/hotspot/share/classfile/systemDictionary.cpp, line 295]
Event: 7.951 Thread 0x0000024c477a8090 Exception <a 'java/lang/ClassNotFoundException'{0x000000008564d550}: java/util/concurrent/ExecutorCustomizer> (0x000000008564d550) 
thrown [./open/src/hotspot/share/classfile/systemDictionary.cpp, line 295]

Events (20 events):
Event: 7.950 loading class org/springframework/core/task/AsyncListenableTaskExecutorCustomizer
Event: 7.950 loading class org/springframework/core/task/AsyncListenableTaskExecutorCustomizer done
Event: 7.950 loading class org/springframework/core/task/AsyncTaskExecutorCustomizer
Event: 7.950 loading class org/springframework/core/task/AsyncTaskExecutorCustomizer done
Event: 7.950 loading class org/springframework/core/task/AsyncTaskExecutorCustomizer
Event: 7.950 loading class org/springframework/core/task/AsyncTaskExecutorCustomizer done
Event: 7.951 loading class org/springframework/core/task/AsyncTaskExecutorCustomizer
Event: 7.951 loading class org/springframework/core/task/AsyncTaskExecutorCustomizer done
Event: 7.951 loading class org/springframework/core/task/TaskExecutorCustomizer
Event: 7.951 loading class org/springframework/core/task/TaskExecutorCustomizer done
Event: 7.951 loading class org/springframework/core/task/TaskExecutorCustomizer
Event: 7.951 loading class org/springframework/core/task/TaskExecutorCustomizer done
Event: 7.951 loading class org/springframework/core/task/TaskExecutorCustomizer
Event: 7.951 loading class org/springframework/core/task/TaskExecutorCustomizer done
Event: 7.951 loading class java/util/concurrent/ExecutorCustomizer
Event: 7.951 loading class java/util/concurrent/ExecutorCustomizer done
Event: 7.951 loading class java/util/concurrent/ExecutorCustomizer
Event: 7.951 loading class java/util/concurrent/ExecutorCustomizer done
Event: 7.951 loading class org/springframework/scheduling/SchedulingTaskExecutorCustomizer
Event: 7.951 loading class org/springframework/scheduling/SchedulingTaskExecutorCustomizer done


Dynamic libraries:
0x00007ff740bb0000 - 0x00007ff740bbf000 	D:\jdk15\bin\java.exe
0x00007ffec48d0000 - 0x00007ffec4ac5000 	C:\WINDOWS\SYSTEM32\ntdll.dll
0x00007ffec2920000 - 0x00007ffec29de000 	C:\WINDOWS\System32\KERNEL32.DLL
0x00007ffec2420000 - 0x00007ffec26e8000 	C:\WINDOWS\System32\KERNELBASE.dll
0x00007ffec2050000 - 0x00007ffec2150000 	C:\WINDOWS\System32\ucrtbase.dll
0x00007ffeb9a60000 - 0x00007ffeb9a79000 	D:\jdk15\bin\VCRUNTIME140.dll
0x00007ffeb9aa0000 - 0x00007ffeb9ab8000 	D:\jdk15\bin\jli.dll
0x00007ffec39c0000 - 0x00007ffec3a6e000 	C:\WINDOWS\System32\ADVAPI32.dll
0x00007ffec2e50000 - 0x00007ffec2eee000 	C:\WINDOWS\System32\msvcrt.dll
0x00007ffec4590000 - 0x00007ffec462c000 	C:\WINDOWS\System32\sechost.dll
0x00007ffec2f90000 - 0x00007ffec30b5000 	C:\WINDOWS\System32\RPCRT4.dll
0x00007ffec43f0000 - 0x00007ffec4590000 	C:\WINDOWS\System32\USER32.dll
0x00007ffec28f0000 - 0x00007ffec2912000 	C:\WINDOWS\System32\win32u.dll
0x00007ffec3e00000 - 0x00007ffec3e2b000 	C:\WINDOWS\System32\GDI32.dll
0x00007ffec26f0000 - 0x00007ffec27fd000 	C:\WINDOWS\System32\gdi32full.dll
0x00007ffea5340000 - 0x00007ffea55da000 	C:\WINDOWS\WinSxS\amd64_microsoft.windows.common-controls_6595b64144ccf1df_6.0.19041.1110_none_60b5254171f9507e\COMCTL32.dll
0x00007ffec2850000 - 0x00007ffec28ed000 	C:\WINDOWS\System32\msvcp_win.dll
0x00007ffeb7c10000 - 0x00007ffeb7c1a000 	C:\WINDOWS\SYSTEM32\VERSION.dll
0x00007ffec2ef0000 - 0x00007ffec2f20000 	C:\WINDOWS\System32\IMM32.DLL
0x00007ffeb9b50000 - 0x00007ffeb9b5c000 	D:\jdk15\bin\vcruntime140_1.dll
0x00007ffe69940000 - 0x00007ffe699d1000 	D:\jdk15\bin\msvcp140.dll
0x00007ffe96840000 - 0x00007ffe9739c000 	D:\jdk15\bin\server\jvm.dll
0x00007ffec3ee0000 - 0x00007ffec3ee8000 	C:\WINDOWS\System32\PSAPI.DLL
0x00007ffea42d0000 - 0x00007ffea42d9000 	C:\WINDOWS\SYSTEM32\WSOCK32.dll
0x00007ffec07e0000 - 0x00007ffec0807000 	C:\WINDOWS\SYSTEM32\WINMM.dll
0x00007ffec4700000 - 0x00007ffec476b000 	C:\WINDOWS\System32\WS2_32.dll
0x00007ffec08b0000 - 0x00007ffec08c2000 	C:\WINDOWS\SYSTEM32\kernel.appcore.dll
0x00007ffe98c60000 - 0x00007ffe98c6a000 	D:\jdk15\bin\jimage.dll
0x00007ffebfbe0000 - 0x00007ffebfdc4000 	C:\WINDOWS\SYSTEM32\DBGHELP.DLL
0x00007ffeb6f70000 - 0x00007ffeb6f9c000 	C:\WINDOWS\SYSTEM32\dbgcore.DLL
0x00007ffec2230000 - 0x00007ffec22b2000 	C:\WINDOWS\System32\bcryptPrimitives.dll
0x00007ffe6cc00000 - 0x00007ffe6cc39000 	D:\jdk15\bin\jdwp.dll
0x00007ffeb9a90000 - 0x00007ffeb9a9e000 	D:\jdk15\bin\instrument.dll
0x00007ffe94940000 - 0x00007ffe94965000 	D:\jdk15\bin\java.dll
0x00007ffe8a8f0000 - 0x00007ffe8a908000 	D:\jdk15\bin\zip.dll
0x00007ffec3270000 - 0x00007ffec39b4000 	C:\WINDOWS\System32\SHELL32.dll
0x00007ffebfdd0000 - 0x00007ffec0564000 	C:\WINDOWS\SYSTEM32\windows.storage.dll
0x00007ffec2a40000 - 0x00007ffec2d95000 	C:\WINDOWS\System32\combase.dll
0x00007ffec1a30000 - 0x00007ffec1a5e000 	C:\WINDOWS\SYSTEM32\Wldp.dll
0x00007ffec3e30000 - 0x00007ffec3edd000 	C:\WINDOWS\System32\SHCORE.dll
0x00007ffec3a70000 - 0x00007ffec3ac5000 	C:\WINDOWS\System32\shlwapi.dll
0x00007ffec1f20000 - 0x00007ffec1f3f000 	C:\WINDOWS\SYSTEM32\profapi.dll
0x00007ffeb99d0000 - 0x00007ffeb99db000 	D:\jdk15\bin\dt_socket.dll
0x00007ffec1430000 - 0x00007ffec146b000 	C:\WINDOWS\SYSTEM32\IPHLPAPI.DLL
0x00007ffec1790000 - 0x00007ffec17fa000 	C:\WINDOWS\system32\mswsock.dll
0x00007ffe8e720000 - 0x00007ffe8e739000 	D:\jdk15\bin\net.dll
0x00007ffebce40000 - 0x00007ffebcf4c000 	C:\WINDOWS\SYSTEM32\WINHTTP.dll
0x00007ffe8a910000 - 0x00007ffe8a922000 	D:\jdk15\bin\nio.dll
0x00007ffebc610000 - 0x00007ffebc620000 	D:\jdk15\bin\verify.dll
0x00007ffe8e900000 - 0x00007ffe8e909000 	D:\jdk15\bin\management.dll
0x00007ffe8e8f0000 - 0x00007ffe8e8fb000 	D:\jdk15\bin\management_ext.dll
0x00007ffe8e880000 - 0x00007ffe8e897000 	C:\WINDOWS\system32\napinsp.dll
0x00007ffe8e860000 - 0x00007ffe8e87b000 	C:\WINDOWS\system32\pnrpnsp.dll
0x00007ffebddc0000 - 0x00007ffebddd5000 	C:\WINDOWS\system32\wshbth.dll
0x00007ffeba5d0000 - 0x00007ffeba5ed000 	C:\WINDOWS\system32\NLAapi.dll
0x00007ffec1470000 - 0x00007ffec153b000 	C:\WINDOWS\SYSTEM32\DNSAPI.dll
0x00007ffec2f80000 - 0x00007ffec2f88000 	C:\WINDOWS\System32\NSI.dll
0x00007ffe8e7a0000 - 0x00007ffe8e7b2000 	C:\WINDOWS\System32\winrnr.dll
0x00007ffeba1b0000 - 0x00007ffeba1ba000 	C:\Windows\System32\rasadhlp.dll
0x00007ffeb7960000 - 0x00007ffeb79df000 	C:\WINDOWS\System32\fwpuclnt.dll
0x00007ffec2150000 - 0x00007ffec2177000 	C:\WINDOWS\System32\bcrypt.dll
0x00007ffec1980000 - 0x00007ffec1998000 	C:\WINDOWS\SYSTEM32\CRYPTSP.dll
0x00007ffec10a0000 - 0x00007ffec10d4000 	C:\WINDOWS\system32\rsaenh.dll
0x00007ffec1ee0000 - 0x00007ffec1f0e000 	C:\WINDOWS\SYSTEM32\USERENV.dll
0x00007ffec19a0000 - 0x00007ffec19ac000 	C:\WINDOWS\SYSTEM32\CRYPTBASE.dll
0x00007ffeba060000 - 0x00007ffeba077000 	C:\WINDOWS\SYSTEM32\dhcpcsvc6.DLL
0x00007ffeb8fc0000 - 0x00007ffeb8fdd000 	C:\WINDOWS\SYSTEM32\dhcpcsvc.DLL
0x00007ffeb9a40000 - 0x00007ffeb9a4d000 	D:\jdk15\bin\sunmscapi.dll
0x00007ffec22c0000 - 0x00007ffec2416000 	C:\WINDOWS\System32\CRYPT32.dll
0x00007ffec1aa0000 - 0x00007ffec1ac7000 	C:\WINDOWS\SYSTEM32\ncrypt.dll
0x00007ffec1a60000 - 0x00007ffec1a9b000 	C:\WINDOWS\SYSTEM32\NTASN1.dll

dbghelp: loaded successfully - version: 4.0.5 - missing functions: none
symbol engine: initialized successfully - sym options: 0x614 - pdb path: .;D:\jdk15\bin;C:\WINDOWS\SYSTEM32;C:\WINDOWS\WinSxS\amd64_microsoft.windows.common-controls_6595b64144ccf1df_6.0.19041.1110_none_60b5254171f9507e;D:\jdk15\bin\server

VM Arguments:
jvm_args: -agentlib:jdwp=transport=dt_socket,address=127.0.0.1:13529,suspend=y,server=n -ea -Didea.test.cyclic.buffer.size=1048576 -javaagent:C:\Users\h1596\AppData\Local\JetBrains\IntelliJIdea2021.3\captureAgent\debugger-agent.jar -Dfile.encoding=UTF-8 
java_command: com.intellij.rt.junit.JUnitStarter -ideVersion5 -junit5 com.example.demo.repository.DiscussionRepositoryTest,save
java_class_path (initial): C:\Users\h1596\.m2\repository\org\junit\platform\junit-platform-launcher\1.8.2\junit-platform-launcher-1.8.2.jar;D:\IDEA\IntelliJ IDEA 2021.3\lib\idea_rt.jar;D:\IDEA\IntelliJ IDEA 2021.3\plugins\junit\lib\junit5-rt.jar;D:\IDEA\IntelliJ IDEA 2021.3\plugins\junit\lib\junit-rt.jar;D:\springboot\demo\target\test-classes;D:\springboot\demo\target\classes;C:\Users\h1596\.m2\repository\org\springframework\boot\spring-boot-starter-data-jpa\2.6.3\spring-boot-starter-data-jpa-2.6.3.jar;C:\Users\h1596\.m2\repository\org\springframework\boot\spring-boot-starter-aop\2.6.3\spring-boot-starter-aop-2.6.3.jar;C:\Users\h1596\.m2\repository\org\springframework\spring-aop\5.3.15\spring-aop-5.3.15.jar;C:\Users\h1596\.m2\repository\org\aspectj\aspectjweaver\1.9.7\aspectjweaver-1.9.7.jar;C:\Users\h1596\.m2\repository\org\springframework\boot\spring-boot-starter-jdbc\2.6.3\spring-boot-starter-jdbc-2.6.3.jar;C:\Users\h1596\.m2\repository\com\zaxxer\HikariCP\4.0.3\HikariCP-4.0.3.jar;C:\Users\h1596\.m2\repository\org\springframework\spring-jdbc\5.3.15\spring-jdbc-5.3.15.jar;C:\Users\h1596\.m2\repository\jakarta\transaction\jakarta.transaction-api\1.3.3\jakarta.transaction-api-1.3.3.jar;C:\Users\h1596\.m2\repository\jakarta\persistence\jakarta.persistence-api\2.2.3\jakarta.persistence-api-2.2.3.jar;C:\Users\h1596\.m2\repository\org\hibernate\hibernate-core\5.6.4.Final\hibernate-core-5.6.4.Final.jar;C:\Users\h1596\.m2\repository\org\jboss\logging\jboss-logging\3.4.3.Final\jboss-logging-3.4.3.Final.jar;C:\Users\h1596\.m2\repository\net\bytebuddy\byte-buddy\1.11.22\byte-buddy-1.11.22.jar;C:\Users\h1596\.m2\repository\antlr\antlr\2.7.7\antlr-2.7.7.jar;C:\Users\h1596\.m2\repository\org\jboss\jandex\2.4.2.Final\jandex-2.4.2.Final.jar;C:\Users\h1596\.m2\repository\com\fasterxml\classmate\1.5.1\classmate-1.5.1.jar;C:\Users\h1596\.m2\repository\org\hibernate\common\hibernate-commons-annotations\5.1.2.Final\hibernate-commons-annotations-5.1.2.Final.jar;C:\Users\h1596\.m2\rep
Launcher Type: SUN_STANDARD

[Global flags]
     intx CICompilerCount                          = 4                                         {product} {ergonomic}
     uint ConcGCThreads                            = 2                                         {product} {ergonomic}
     uint G1ConcRefinementThreads                  = 8                                         {product} {ergonomic}
   size_t G1HeapRegionSize                         = 1048576                                   {product} {ergonomic}
    uintx GCDrainStackTargetSize                   = 64                                        {product} {ergonomic}
   size_t InitialHeapSize                          = 132120576                                 {product} {ergonomic}
   size_t MarkStackSize                            = 4194304                                   {product} {ergonomic}
   size_t MaxHeapSize                              = 2107637760                                {product} {ergonomic}
   size_t MaxNewSize                               = 1264582656                                {product} {ergonomic}
   size_t MinHeapDeltaBytes                        = 1048576                                   {product} {ergonomic}
   size_t MinHeapSize                              = 8388608                                   {product} {ergonomic}
    uintx NonNMethodCodeHeapSize                   = 5839372                                {pd product} {ergonomic}
    uintx NonProfiledCodeHeapSize                  = 122909434                              {pd product} {ergonomic}
    uintx ProfiledCodeHeapSize                     = 122909434                              {pd product} {ergonomic}
    uintx ReservedCodeCacheSize                    = 251658240                              {pd product} {ergonomic}
     bool SegmentedCodeCache                       = true                                      {product} {ergonomic}
   size_t SoftMaxHeapSize                          = 2107637760                             {manageable} {ergonomic}
     bool UseCompressedClassPointers               = true                                 {lp64_product} {ergonomic}
     bool UseCompressedOops                        = true                                 {lp64_product} {ergonomic}
     bool UseG1GC                                  = true                                      {product} {ergonomic}
     bool UseLargePagesIndividualAllocation        = false                                  {pd product} {ergonomic}

Logging:
Log output configuration:
 #0: stdout all=warning uptime,level,tags
 #1: stderr all=off uptime,level,tags

Environment Variables:
JAVA_HOME=D:\jdk15
CLASSPATH=D:\jdk15\lib
PATH=C:\Program Files (x86)\NVIDIA Corporation\PhysX\Common;D:\VMware\bin\;C:\Windows\system32;C:\Windows;C:\Windows\System32\Wbem;C:\Windows\System32\WindowsPowerShell\v1.0\;C:\Windows\System32\OpenSSH\;D:\jdk15\bin\;D:\jdk15\jre\bin\;D:\matlab a\runtime\win64;D:\matlab a\bin;D:\matlab a\polyspace\bin;D:\matlab\matlab a\runtime\win64;D:\matlab\matlab a\bin;D:\matlab\matlab a\polyspace\bin;C:\Program Files (x86)\Wolfram Research\WolframScript\;C:\Program Files\NVIDIA Corporation\NVIDIA NvDLISR;C:\Program Files\Intel\WiFi\bin\;C:\Program Files\Common Files\Intel\WirelessCommon\;D:\phantomjs\phantomjs-2.1.1-windows\phantomjs-2.1.1-windows\bin;C:\Android;D:\Graphviz\bin;C:\WINDOWS\system32;C:\WINDOWS;C:\WINDOWS\System32\Wbem;C:\WINDOWS\System32\WindowsPowerShell\v1.0\;C:\WINDOWS\System32\OpenSSH\;D:\Node.js\;D:\Mysql\mysql-8.0.26-winx64\bin;D:\SQLServer\S\Client SDK\ODBC\170\Tools\Binn\;D:\SQLServer\X\150\Tools\Binn\;D:\SQLServer\S\150\Tools\Binn\;D:\SQLServer\S\150\DTS\Binn\;D:\SQLServer\X\150\DTS\Binn\;C:\Program Files\Azure Data Studio\bin;D:\py_test\Lib\site-packages\pyqt5_tools;D:\apache-maven-3.8.4\bin;D:\MSYS2\mingw64\bin;C:\Users\h1596\AppData\Local\Microsoft\WindowsApps;D:\Mysql\mysql-8.0.19-winx64\bin;D:\jdk15\bin;D:\bandisoft\bandizip\;D:\vscode\Microsoft VS Code\bin;D:\anaconda\Scripts;D:\pycharm\PyCharm Community Edition 2020.3.3\bin;;D:\Node.js\node_global;;C:\Users\h1596\AppData\Local\Microsoft\WindowsApps;D:\We码开发者工具\bin;C:\Users\h1596\AppData\Roaming\npm;C:\Program Files\Azure Data Studio\bin;D:\IDEA\IntelliJ IDEA 2021.3\bin;;D:\CLion\CLion 2021.3\bin;;D:\pycharm\PyCharm 2021.3\bin;
USERNAME=h1596
OS=Windows_NT
PROCESSOR_IDENTIFIER=Intel64 Family 6 Model 142 Stepping 12, GenuineIntel



---------------  S Y S T E M  ---------------

OS:
 Windows 10 , 64 bit Build 19041 (10.0.19041.1503)
OS uptime: 12 days 17:32 hours

CPU: total 8 (initial active 8) (4 cores per cpu, 2 threads per core) family 6 model 142 stepping 12, cmov, cx8, fxsr, mmx, sse, sse2, sse3, ssse3, sse4.1, sse4.2, popcnt, vzeroupper, avx, avx2, aes, clmul, erms, 3dnowpref, lzcnt, ht, tsc, tscinvbit, bmi1, bmi2, adx, fma, clflush, clflushopt

Memory: 4k page, system-wide physical 8037M (457M free)
TotalPageFile size 18190M (AvailPageFile size 1M)
current process WorkingSet (physical memory assigned to process): 338M, peak: 338M
current process commit charge ("private bytes"): 378M, peak: 378M

vm_info: Java HotSpot(TM) 64-Bit Server VM (15+36-1562) for windows-amd64 JRE (15+36-1562), built on Aug 11 2020 22:38:02 by "mach5one" with unknown MS VC++:1925

END.
